<?xml version="1.0" encoding="UTF-8"?>
<!-- Generated by org.testng.reporters.JUnitXMLReporter -->
<testsuite ignored="0" hostname="LAPTOP-T7QQ74EJ" failures="1" tests="1" name="Test_Facebook" time="0.039" errors="0" timestamp="2025-07-30T11:25:26 IST">
  <testcase classname="TestNG.NAvigatetoFacebook" name="Facebook" time="0.0">
    <failure type="org.testng.TestNGException" message="
Parameter &amp;apos;browser&amp;apos; is required by @Test on method Facebook but has not been marked @Optional or defined
in C:\Users\RAMPAVAN\eclipse-workspace\84\Paralleldisturbuted\testng.xml">
      <![CDATA[org.testng.TestNGException: 
Parameter 'browser' is required by @Test on method Facebook but has not been marked @Optional or defined
in C:\Users\RAMPAVAN\eclipse-workspace\84\Paralleldisturbuted\testng.xml
at java.base/java.util.ArrayList.forEach(ArrayList.java:1596)
at java.base/java.util.concurrent.FutureTask.run(FutureTask.java:317)
at java.base/java.util.concurrent.ThreadPoolExecutor.runWorker(ThreadPoolExecutor.java:1144)
at java.base/java.util.concurrent.ThreadPoolExecutor$Worker.run(ThreadPoolExecutor.java:642)
at java.base/java.lang.Thread.run(Thread.java:1583)
... Removed 16 stack frames]]>
    </failure>
  </testcase> <!-- Facebook -->
</testsuite> <!-- Test_Facebook -->
